<?xml version="1.0" encoding="UTF-8"?>
<testng-results ignored="0" total="1" passed="1" failed="0" skipped="0">
  <reporter-output>
  </reporter-output>
  <suite started-at="2022-01-03T13:37:55 IST" name="Suite" finished-at="2022-01-03T13:38:11 IST" duration-ms="16561">
    <groups>
    </groups>
    <test started-at="2022-01-03T13:37:55 IST" name="Test" finished-at="2022-01-03T13:38:11 IST" duration-ms="16561">
      <class name="com.practise.hybridframework_2022.Tasecases.Logintc01">
        <test-method is-config="true" signature="init()[pri:0, instance:com.practise.hybridframework_2022.Tasecases.Logintc01@4ac3c60d]" started-at="2022-01-03T13:37:55 IST" name="init" finished-at="2022-01-03T13:37:55 IST" duration-ms="6" status="PASS">
          <reporter-output>
          </reporter-output>
        </test-method> <!-- init -->
        <test-method is-config="true" signature="setUp(java.lang.String,java.lang.String)[pri:0, instance:com.practise.hybridframework_2022.Tasecases.Logintc01@4ac3c60d]" started-at="2022-01-03T13:37:55 IST" name="setUp" finished-at="2022-01-03T13:38:01 IST" duration-ms="6091" status="PASS">
          <params>
            <param index="0">
              <value>
                <![CDATA[Chrome]]>
              </value>
            </param>
            <param index="1">
              <value>
                <![CDATA[https://opensource-demo.orangehrmlive.com/]]>
              </value>
            </param>
          </params>
          <reporter-output>
          </reporter-output>
        </test-method> <!-- setUp -->
        <test-method signature="loginorangehrm()[pri:0, instance:com.practise.hybridframework_2022.Tasecases.Logintc01@4ac3c60d]" started-at="2022-01-03T13:38:01 IST" name="loginorangehrm" finished-at="2022-01-03T13:38:11 IST" duration-ms="9600" status="PASS">
          <reporter-output>
          </reporter-output>
        </test-method> <!-- loginorangehrm -->
        <test-method is-config="true" signature="tearDown()[pri:0, instance:com.practise.hybridframework_2022.Tasecases.Logintc01@4ac3c60d]" started-at="2022-01-03T13:38:11 IST" name="tearDown" finished-at="2022-01-03T13:38:11 IST" duration-ms="807" status="PASS">
          <reporter-output>
          </reporter-output>
        </test-method> <!-- tearDown -->
      </class> <!-- com.practise.hybridframework_2022.Tasecases.Logintc01 -->
    </test> <!-- Test -->
  </suite> <!-- Suite -->
</testng-results>
